2021-01-18 20:15:18.735 - INFO - 8820 - azureml.train.automl._azureautomlclient.modify_run_configuration:199 - Package azureml-train-automl missing from dependencies file.
2021-01-18 20:15:18.736 - INFO - 8820 - azureml.train.automl._azureautomlclient.modify_run_configuration:205 - Using pinned version: azureml-train-automl==1.19.0.*
2021-01-18 20:15:18.737 - INFO - 8820 - azureml.train.automl._azureautomlclient.modify_run_configuration:199 - Package pandas missing from dependencies file.
2021-01-18 20:15:18.738 - INFO - 8820 - azureml.train.automl._azureautomlclient.modify_run_configuration:205 - Using pinned version: pandas==0.25.1
2021-01-18 20:15:18.739 - INFO - 8820 - azureml.train.automl._azureautomlclient.modify_run_configuration:199 - Package psutil missing from dependencies file.
2021-01-18 20:15:18.740 - INFO - 8820 - azureml.train.automl._azureautomlclient.modify_run_configuration:205 - Using pinned version: psutil>5.0.0,<6.0.0
2021-01-18 20:15:18.742 - INFO - 8820 - azureml.train.automl._azureautomlclient.modify_run_configuration:199 - Package scikit-learn missing from dependencies file.
2021-01-18 20:15:18.745 - INFO - 8820 - azureml.train.automl._azureautomlclient.modify_run_configuration:205 - Using pinned version: scikit-learn==0.22.1
2021-01-18 20:15:18.746 - INFO - 8820 - azureml.train.automl._azureautomlclient.modify_run_configuration:199 - Package numpy missing from dependencies file.
2021-01-18 20:15:18.770 - INFO - 8820 - azureml.train.automl._azureautomlclient.modify_run_configuration:205 - Using pinned version: numpy~=1.18.0
2021-01-18 20:15:18.771 - INFO - 8820 - azureml.train.automl._azureautomlclient.modify_run_configuration:199 - Package py-xgboost missing from dependencies file.
2021-01-18 20:15:18.774 - INFO - 8820 - azureml.train.automl._azureautomlclient.modify_run_configuration:205 - Using pinned version: py-xgboost<=0.90
2021-01-18 20:15:18.781 - INFO - 8820 - azureml.train.automl._azureautomlclient.modify_run_configuration:199 - Package inference-schema missing from dependencies file.
2021-01-18 20:15:18.796 - INFO - 8820 - azureml.train.automl._azureautomlclient.modify_run_configuration:199 - Package fbprophet missing from dependencies file.
2021-01-18 20:15:18.805 - INFO - 8820 - azureml.train.automl._azureautomlclient.modify_run_configuration:205 - Using pinned version: fbprophet==0.5
2021-01-18 20:15:18.806 - INFO - 8820 - azureml.train.automl._azureautomlclient.modify_run_configuration:199 - Package setuptools-git missing from dependencies file.
2021-01-18 20:15:18.848 - INFO - 8820 - azureml.train.automl._azureautomlclient._validate_input:663 - Start data validation.
2021-01-18 20:15:22.812 - INFO - 8820 - azureml.train.automl._azureautomlclient._validate_input:676 - Validation service found the data has no errors.
2021-01-18 20:15:22.812 - INFO - 8820 - azureml.train.automl._azureautomlclient._create_parent_run_for_remote:541 - Start creating parent run.
2021-01-18 20:15:23.289 - INFO - 8820 - azureml.train.automl._azureautomlclient._create_parent_run_for_remote:561 - [ParentRunID:AutoML_60b753a8-f163-49f4-a44f-cbf0856363ca] Remote run using input X and y.
2021-01-18 20:15:23.708 - INFO - 8820 - azureml.train.automl._azureautomlclient._create_parent_run_for_remote:574 - Parent Run ID: AutoML_60b753a8-f163-49f4-a44f-cbf0856363ca
2021-01-18 20:15:23.717 - INFO - 8820 - azureml.train.automl._azureautomlclient._fit_remote_core:502 - Starting a snapshot run (snapshot_id : None)
2021-01-25 17:04:36.963 - INFO - 13900 - azureml.train.automl._azureautomlclient.modify_run_configuration:199 - Package azureml-train-automl missing from dependencies file.
2021-01-25 17:04:36.964 - INFO - 13900 - azureml.train.automl._azureautomlclient.modify_run_configuration:205 - Using pinned version: azureml-train-automl==1.19.0.*
2021-01-25 17:04:36.972 - INFO - 13900 - azureml.train.automl._azureautomlclient.modify_run_configuration:199 - Package pandas missing from dependencies file.
2021-01-25 17:04:36.973 - INFO - 13900 - azureml.train.automl._azureautomlclient.modify_run_configuration:205 - Using pinned version: pandas==0.25.1
2021-01-25 17:04:36.975 - INFO - 13900 - azureml.train.automl._azureautomlclient.modify_run_configuration:199 - Package psutil missing from dependencies file.
2021-01-25 17:04:36.975 - INFO - 13900 - azureml.train.automl._azureautomlclient.modify_run_configuration:205 - Using pinned version: psutil>5.0.0,<6.0.0
2021-01-25 17:04:36.976 - INFO - 13900 - azureml.train.automl._azureautomlclient.modify_run_configuration:199 - Package scikit-learn missing from dependencies file.
2021-01-25 17:04:36.977 - INFO - 13900 - azureml.train.automl._azureautomlclient.modify_run_configuration:205 - Using pinned version: scikit-learn==0.22.1
2021-01-25 17:04:36.977 - INFO - 13900 - azureml.train.automl._azureautomlclient.modify_run_configuration:199 - Package numpy missing from dependencies file.
2021-01-25 17:04:36.977 - INFO - 13900 - azureml.train.automl._azureautomlclient.modify_run_configuration:205 - Using pinned version: numpy~=1.18.0
2021-01-25 17:04:36.978 - INFO - 13900 - azureml.train.automl._azureautomlclient.modify_run_configuration:199 - Package py-xgboost missing from dependencies file.
2021-01-25 17:04:36.978 - INFO - 13900 - azureml.train.automl._azureautomlclient.modify_run_configuration:205 - Using pinned version: py-xgboost<=0.90
2021-01-25 17:04:36.979 - INFO - 13900 - azureml.train.automl._azureautomlclient.modify_run_configuration:199 - Package inference-schema missing from dependencies file.
2021-01-25 17:04:36.980 - INFO - 13900 - azureml.train.automl._azureautomlclient.modify_run_configuration:199 - Package fbprophet missing from dependencies file.
2021-01-25 17:04:36.981 - INFO - 13900 - azureml.train.automl._azureautomlclient.modify_run_configuration:205 - Using pinned version: fbprophet==0.5
2021-01-25 17:04:36.981 - INFO - 13900 - azureml.train.automl._azureautomlclient.modify_run_configuration:199 - Package setuptools-git missing from dependencies file.
2021-01-25 17:04:37.050 - INFO - 13900 - azureml.train.automl._azureautomlclient._validate_input:663 - Start data validation.
2021-01-25 17:04:40.182 - INFO - 13900 - azureml.train.automl._azureautomlclient._validate_input:676 - Validation service found the data has no errors.
2021-01-25 17:04:40.182 - INFO - 13900 - azureml.train.automl._azureautomlclient._create_parent_run_for_remote:541 - Start creating parent run.
2021-01-25 17:04:40.649 - INFO - 13900 - azureml.train.automl._azureautomlclient._create_parent_run_for_remote:561 - [ParentRunID:AutoML_6447f742-e7cc-4620-be3f-086c14a7ef61] Remote run using input X and y.
2021-01-25 17:04:40.962 - INFO - 13900 - azureml.train.automl._azureautomlclient._create_parent_run_for_remote:574 - Parent Run ID: AutoML_6447f742-e7cc-4620-be3f-086c14a7ef61
2021-01-25 17:04:40.965 - INFO - 13900 - azureml.train.automl._azureautomlclient._fit_remote_core:502 - Starting a snapshot run (snapshot_id : None)
